<?xml version="1.0" encoding="UTF-8"?>
<!-- Generated by org.testng.reporters.JUnitXMLReporter -->
<testsuite ignored="0" hostname="LAPTOP-SSKFI1SS" failures="0" tests="3" name="Default test" time="0.477" errors="0" timestamp="16 Sep 2020 22:10:03 GMT">
  <testcase classname="hashMapIntoDataProvider.MapwithDataProvider" name="test" time="0.006"/>
  <testcase classname="hashMapIntoDataProvider.MapwithDataProvider" name="test" time="0.001"/>
  <testcase classname="hashMapIntoDataProvider.MapwithDataProvider" name="test" time="0.0"/>
</testsuite> <!-- Default test -->
