<?xml version="1.0" encoding="UTF-8"?>
<!-- Generated by org.testng.reporters.JUnitXMLReporter -->
<testsuite ignored="0" hostname="LAPTOP-SSKFI1SS" failures="1" tests="1" name="Test" time="0.02" errors="0" timestamp="15 Sep 2020 16:52:17 GMT">
  <testcase classname="hashMapIntoDataProvider.MapwithDataProvider" name="test" time="0.0">
    <failure type="org.testng.TestNGException" message="
Method public void hashMapIntoDataProvider.MapwithDataProvider.test(java.util.Map) requires a @DataProvider named : testdata">
      <![CDATA[org.testng.TestNGException: 
Method public void hashMapIntoDataProvider.MapwithDataProvider.test(java.util.Map) requires a @DataProvider named : testdata
... Removed 22 stack frames]]>
    </failure>
  </testcase> <!-- test -->
</testsuite> <!-- Test -->
