<?xml version="1.0" encoding="UTF-8"?>
<testng-results ignored="0" total="3" passed="3" failed="0" skipped="0">
  <reporter-output>
  </reporter-output>
  <suite started-at="2020-09-16T22:10:02Z" name="Default suite" finished-at="2020-09-16T22:10:03Z" duration-ms="477">
    <groups>
    </groups>
    <test started-at="2020-09-16T22:10:02Z" name="Default test" finished-at="2020-09-16T22:10:03Z" duration-ms="477">
      <class name="hashMapIntoDataProvider.MapwithDataProvider">
        <test-method signature="test(java.util.Map)[pri:0, instance:hashMapIntoDataProvider.MapwithDataProvider@a38c7fe]" started-at="2020-09-16T22:10:03Z" name="test" data-provider="testdata" finished-at="2020-09-16T22:10:03Z" duration-ms="6" status="PASS">
          <params>
            <param index="0">
              <value>
                <![CDATA[{password=passmamun, id=5.0, username=mamun}]]>
              </value>
            </param>
          </params>
          <reporter-output>
          </reporter-output>
        </test-method> <!-- test -->
        <test-method signature="test(java.util.Map)[pri:0, instance:hashMapIntoDataProvider.MapwithDataProvider@a38c7fe]" started-at="2020-09-16T22:10:03Z" name="test" data-provider="testdata" finished-at="2020-09-16T22:10:03Z" duration-ms="1" status="PASS">
          <params>
            <param index="0">
              <value>
                <![CDATA[{password=passabd, id=3.0, username=abdullah}]]>
              </value>
            </param>
          </params>
          <reporter-output>
          </reporter-output>
        </test-method> <!-- test -->
        <test-method signature="test(java.util.Map)[pri:0, instance:hashMapIntoDataProvider.MapwithDataProvider@a38c7fe]" started-at="2020-09-16T22:10:03Z" name="test" data-provider="testdata" finished-at="2020-09-16T22:10:03Z" duration-ms="0" status="PASS">
          <params>
            <param index="0">
              <value>
                <![CDATA[{password=shamspass, id=8.0, username=shamsunnahar}]]>
              </value>
            </param>
          </params>
          <reporter-output>
          </reporter-output>
        </test-method> <!-- test -->
      </class> <!-- hashMapIntoDataProvider.MapwithDataProvider -->
    </test> <!-- Default test -->
  </suite> <!-- Default suite -->
</testng-results>
